'[totalPaidAmount] not in index'
'[totalPaidAmount] not in index'
'[totalPaidAmount] not in index'
'DataFrame' object has no attribute 'totalPaidAmount'
'[totalPaidAmount] not in index'
'[totalPaidAmount] not in index'
'[totalPaidAmount] not in index'
'[totalPaidAmount] not in index'
'[totalPaidAmount] not in index'
'[totalPaidAmount] not in index'
'[totalPaidAmount] not in index'
local variable 'r' referenced before assignment
local variable 'r' referenced before assignment
'result_sets'
'result_sets'
'result_sets'
'result_sets'
'result_sets'
'result_sets'
'result_sets'
'result_sets'
global name 'sys' is not defined
global name 'sys' is not defined
'result_sets'
'result_sets'
'result_sets'
'result_sets'
'result_sets'
'result_sets'
global name 'response' is not defined
'result_sets'
'result_sets'
'result_sets'
strings are not supported for this option
strings are not supported for this option
strings are not supported for this option
invalid arguments to setopt
invalid arguments to setopt
setopt() takes exactly 2 arguments (1 given)
'result_sets'
'result_sets'
